<?xml version="1.0" encoding="UTF-8"?>
<!-- Generated by org.testng.reporters.JUnitReportReporter -->
<testsuite hostname="DESKTOP-RCI3JKJ" failures="0" tests="4" name="org.sam.Hybridapp" time="4.862" errors="0" timestamp="2022-11-11T13:20:51 IST" skipped="0">
  <testcase classname="org.sam.Hybridapp" name="tc4" time="2.473"/>
  <system-out/>
  <testcase classname="org.sam.Hybridapp" name="tc1" time="1.049"/>
  <system-out/>
  <testcase classname="org.sam.Hybridapp" name="tc3" time="0.657"/>
  <system-out/>
  <testcase classname="org.sam.Hybridapp" name="tc2" time="0.683"/>
  <system-out/>
</testsuite> <!-- org.sam.Hybridapp -->
